[2018-04-11 11:44:55,662]  INFO {org.wso2.carbon.server.util.PatchUtils} -  Checking for patch changes ...
[2018-04-11 11:44:55,663]  INFO {org.wso2.carbon.server.util.PatchUtils} -  No new patch or service pack detected, server will start without applying patches 
[2018-04-11 11:44:55,663]  INFO {org.wso2.carbon.server.util.PatchUtils} -  Patch verification started
[2018-04-11 11:44:55,663]  INFO {org.wso2.carbon.server.util.PatchUtils} -  Patch verification successfully completed
[2018-04-11 12:46:47,312]  INFO {org.wso2.carbon.server.util.PatchUtils} -  Checking for patch changes ...
[2018-04-11 12:46:47,315]  INFO {org.wso2.carbon.server.util.PatchUtils} -  No new patch or service pack detected, server will start without applying patches 
[2018-04-11 12:46:47,315]  INFO {org.wso2.carbon.server.util.PatchUtils} -  Patch verification started
[2018-04-11 12:46:47,315]  INFO {org.wso2.carbon.server.util.PatchUtils} -  Patch verification successfully completed
[2018-04-11 13:08:22,510]  INFO {org.wso2.carbon.server.util.PatchUtils} -  Checking for patch changes ...
[2018-04-11 13:08:22,511]  INFO {org.wso2.carbon.server.util.PatchUtils} -  No new patch or service pack detected, server will start without applying patches 
[2018-04-11 13:08:22,511]  INFO {org.wso2.carbon.server.util.PatchUtils} -  Patch verification started
[2018-04-11 13:08:22,512]  INFO {org.wso2.carbon.server.util.PatchUtils} -  Patch verification successfully completed
[2018-04-11 13:18:57,860]  INFO {org.wso2.carbon.server.util.PatchUtils} -  Checking for patch changes ...
[2018-04-11 13:18:57,862]  INFO {org.wso2.carbon.server.util.PatchUtils} -  No new patch or service pack detected, server will start without applying patches 
[2018-04-11 13:18:57,862]  INFO {org.wso2.carbon.server.util.PatchUtils} -  Patch verification started
[2018-04-11 13:18:57,863]  INFO {org.wso2.carbon.server.util.PatchUtils} -  Patch verification successfully completed
[2018-04-11 13:33:17,402]  INFO {org.wso2.carbon.server.util.PatchUtils} -  Checking for patch changes ...
[2018-04-11 13:33:17,403]  INFO {org.wso2.carbon.server.util.PatchUtils} -  No new patch or service pack detected, server will start without applying patches 
[2018-04-11 13:33:17,404]  INFO {org.wso2.carbon.server.util.PatchUtils} -  Patch verification started
[2018-04-11 13:33:17,404]  INFO {org.wso2.carbon.server.util.PatchUtils} -  Patch verification successfully completed
[2018-04-11 16:01:13,780]  INFO {org.wso2.carbon.server.util.PatchUtils} -  Checking for patch changes ...
[2018-04-11 16:01:13,782]  INFO {org.wso2.carbon.server.util.PatchUtils} -  No new patch or service pack detected, server will start without applying patches 
[2018-04-11 16:01:13,782]  INFO {org.wso2.carbon.server.util.PatchUtils} -  Patch verification started
[2018-04-11 16:01:13,782]  INFO {org.wso2.carbon.server.util.PatchUtils} -  Patch verification successfully completed
[2018-04-11 16:02:28,477]  INFO {org.wso2.carbon.server.util.PatchUtils} -  Checking for patch changes ...
[2018-04-11 16:02:28,479]  INFO {org.wso2.carbon.server.util.PatchUtils} -  No new patch or service pack detected, server will start without applying patches 
[2018-04-11 16:02:28,479]  INFO {org.wso2.carbon.server.util.PatchUtils} -  Patch verification started
[2018-04-11 16:02:28,479]  INFO {org.wso2.carbon.server.util.PatchUtils} -  Patch verification successfully completed
[2018-04-12 11:15:13,537]  INFO {org.wso2.carbon.server.util.PatchUtils} -  Checking for patch changes ...
[2018-04-12 11:15:13,541]  INFO {org.wso2.carbon.server.util.PatchUtils} -  No new patch or service pack detected, server will start without applying patches 
[2018-04-12 11:15:13,542]  INFO {org.wso2.carbon.server.util.PatchUtils} -  Patch verification started
[2018-04-12 11:15:13,542]  INFO {org.wso2.carbon.server.util.PatchUtils} -  Patch verification successfully completed
[2018-04-16 12:37:16,702]  INFO {org.wso2.carbon.server.util.PatchUtils} -  Checking for patch changes ...
[2018-04-16 12:37:16,704]  INFO {org.wso2.carbon.server.util.PatchUtils} -  No new patch or service pack detected, server will start without applying patches 
[2018-04-16 12:37:16,704]  INFO {org.wso2.carbon.server.util.PatchUtils} -  Patch verification started
[2018-04-16 12:37:16,705]  INFO {org.wso2.carbon.server.util.PatchUtils} -  Patch verification successfully completed
[2018-04-17 13:40:52,355]  INFO {org.wso2.carbon.server.util.PatchUtils} -  Checking for patch changes ...
[2018-04-17 13:40:52,359]  INFO {org.wso2.carbon.server.util.PatchUtils} -  No new patch or service pack detected, server will start without applying patches 
[2018-04-17 13:40:52,359]  INFO {org.wso2.carbon.server.util.PatchUtils} -  Patch verification started
[2018-04-17 13:40:52,359]  INFO {org.wso2.carbon.server.util.PatchUtils} -  Patch verification successfully completed
[2018-04-17 14:05:51,038]  INFO {org.wso2.carbon.server.util.PatchUtils} -  Checking for patch changes ...
[2018-04-17 14:05:51,041]  INFO {org.wso2.carbon.server.util.PatchUtils} -  No new patch or service pack detected, server will start without applying patches 
[2018-04-17 14:05:51,041]  INFO {org.wso2.carbon.server.util.PatchUtils} -  Patch verification started
[2018-04-17 14:05:51,041]  INFO {org.wso2.carbon.server.util.PatchUtils} -  Patch verification successfully completed
[2018-04-17 18:20:02,986]  INFO {org.wso2.carbon.server.util.PatchUtils} -  Checking for patch changes ...
[2018-04-17 18:20:02,988]  INFO {org.wso2.carbon.server.util.PatchUtils} -  No new patch or service pack detected, server will start without applying patches 
[2018-04-17 18:20:02,988]  INFO {org.wso2.carbon.server.util.PatchUtils} -  Patch verification started
[2018-04-17 18:20:02,988]  INFO {org.wso2.carbon.server.util.PatchUtils} -  Patch verification successfully completed
[2018-04-18 12:20:17,599]  INFO {org.wso2.carbon.server.util.PatchUtils} -  Checking for patch changes ...
[2018-04-18 12:20:17,601]  INFO {org.wso2.carbon.server.util.PatchUtils} -  No new patch or service pack detected, server will start without applying patches 
[2018-04-18 12:20:17,601]  INFO {org.wso2.carbon.server.util.PatchUtils} -  Patch verification started
[2018-04-18 12:20:17,601]  INFO {org.wso2.carbon.server.util.PatchUtils} -  Patch verification successfully completed
[2018-04-18 13:02:25,409]  INFO {org.wso2.carbon.server.util.PatchUtils} -  Checking for patch changes ...
[2018-04-18 13:02:25,411]  INFO {org.wso2.carbon.server.util.PatchUtils} -  No new patch or service pack detected, server will start without applying patches 
[2018-04-18 13:02:25,411]  INFO {org.wso2.carbon.server.util.PatchUtils} -  Patch verification started
[2018-04-18 13:02:25,411]  INFO {org.wso2.carbon.server.util.PatchUtils} -  Patch verification successfully completed
[2018-04-19 10:37:48,119]  INFO {org.wso2.carbon.server.util.PatchUtils} -  Checking for patch changes ...
[2018-04-19 10:37:48,122]  INFO {org.wso2.carbon.server.util.PatchUtils} -  No new patch or service pack detected, server will start without applying patches 
[2018-04-19 10:37:48,122]  INFO {org.wso2.carbon.server.util.PatchUtils} -  Patch verification started
[2018-04-19 10:37:48,122]  INFO {org.wso2.carbon.server.util.PatchUtils} -  Patch verification successfully completed
[2018-04-19 12:14:56,097]  INFO {org.wso2.carbon.server.util.PatchUtils} -  Checking for patch changes ...
[2018-04-19 12:14:56,099]  INFO {org.wso2.carbon.server.util.PatchUtils} -  No new patch or service pack detected, server will start without applying patches 
[2018-04-19 12:14:56,100]  INFO {org.wso2.carbon.server.util.PatchUtils} -  Patch verification started
[2018-04-19 12:14:56,100]  INFO {org.wso2.carbon.server.util.PatchUtils} -  Patch verification successfully completed
[2018-04-19 13:18:47,647]  INFO {org.wso2.carbon.server.util.PatchUtils} -  Checking for patch changes ...
[2018-04-19 13:18:47,649]  INFO {org.wso2.carbon.server.util.PatchUtils} -  No new patch or service pack detected, server will start without applying patches 
[2018-04-19 13:18:47,649]  INFO {org.wso2.carbon.server.util.PatchUtils} -  Patch verification started
[2018-04-19 13:18:47,649]  INFO {org.wso2.carbon.server.util.PatchUtils} -  Patch verification successfully completed
[2018-04-19 18:26:08,137]  INFO {org.wso2.carbon.server.util.PatchUtils} -  Checking for patch changes ...
[2018-04-19 18:26:08,139]  INFO {org.wso2.carbon.server.util.PatchUtils} -  No new patch or service pack detected, server will start without applying patches 
[2018-04-19 18:26:08,140]  INFO {org.wso2.carbon.server.util.PatchUtils} -  Patch verification started
[2018-04-19 18:26:08,140]  INFO {org.wso2.carbon.server.util.PatchUtils} -  Patch verification successfully completed
[2018-04-20 14:58:27,768]  INFO {org.wso2.carbon.server.util.PatchUtils} -  Checking for patch changes ...
[2018-04-20 14:58:27,770]  INFO {org.wso2.carbon.server.util.PatchUtils} -  No new patch or service pack detected, server will start without applying patches 
[2018-04-20 14:58:27,771]  INFO {org.wso2.carbon.server.util.PatchUtils} -  Patch verification started
[2018-04-20 14:58:27,771]  INFO {org.wso2.carbon.server.util.PatchUtils} -  Patch verification successfully completed
[2018-04-20 15:48:41,822]  INFO {org.wso2.carbon.server.util.PatchUtils} -  Checking for patch changes ...
[2018-04-20 15:48:41,823]  INFO {org.wso2.carbon.server.util.PatchUtils} -  No new patch or service pack detected, server will start without applying patches 
[2018-04-20 15:48:41,824]  INFO {org.wso2.carbon.server.util.PatchUtils} -  Patch verification started
[2018-04-20 15:48:41,824]  INFO {org.wso2.carbon.server.util.PatchUtils} -  Patch verification successfully completed
[2018-04-23 12:16:45,448]  INFO {org.wso2.carbon.server.util.PatchUtils} -  Checking for patch changes ...
[2018-04-23 12:16:45,450]  INFO {org.wso2.carbon.server.util.PatchUtils} -  No new patch or service pack detected, server will start without applying patches 
[2018-04-23 12:16:45,450]  INFO {org.wso2.carbon.server.util.PatchUtils} -  Patch verification started
[2018-04-23 12:16:45,450]  INFO {org.wso2.carbon.server.util.PatchUtils} -  Patch verification successfully completed
[2018-04-24 11:08:43,379]  INFO {org.wso2.carbon.server.util.PatchUtils} -  Checking for patch changes ...
[2018-04-24 11:08:43,382]  INFO {org.wso2.carbon.server.util.PatchUtils} -  No new patch or service pack detected, server will start without applying patches 
[2018-04-24 11:08:43,382]  INFO {org.wso2.carbon.server.util.PatchUtils} -  Patch verification started
[2018-04-24 11:08:43,382]  INFO {org.wso2.carbon.server.util.PatchUtils} -  Patch verification successfully completed
[2018-04-26 11:32:49,866]  INFO {org.wso2.carbon.server.util.PatchUtils} -  Checking for patch changes ...
[2018-04-26 11:32:49,869]  INFO {org.wso2.carbon.server.util.PatchUtils} -  No new patch or service pack detected, server will start without applying patches 
[2018-04-26 11:32:49,869]  INFO {org.wso2.carbon.server.util.PatchUtils} -  Patch verification started
[2018-04-26 11:32:49,869]  INFO {org.wso2.carbon.server.util.PatchUtils} -  Patch verification successfully completed
[2018-04-26 14:16:05,573]  INFO {org.wso2.carbon.server.util.PatchUtils} -  Checking for patch changes ...
[2018-04-26 14:16:05,574]  INFO {org.wso2.carbon.server.util.PatchUtils} -  No new patch or service pack detected, server will start without applying patches 
[2018-04-26 14:16:05,574]  INFO {org.wso2.carbon.server.util.PatchUtils} -  Patch verification started
[2018-04-26 14:16:05,574]  INFO {org.wso2.carbon.server.util.PatchUtils} -  Patch verification successfully completed
[2018-04-26 14:24:12,937]  INFO {org.wso2.carbon.server.util.PatchUtils} -  Checking for patch changes ...
[2018-04-26 14:24:12,938]  INFO {org.wso2.carbon.server.util.PatchUtils} -  No new patch or service pack detected, server will start without applying patches 
[2018-04-26 14:24:12,939]  INFO {org.wso2.carbon.server.util.PatchUtils} -  Patch verification started
[2018-04-26 14:24:12,939]  INFO {org.wso2.carbon.server.util.PatchUtils} -  Patch verification successfully completed
[2018-04-26 14:33:11,494]  INFO {org.wso2.carbon.server.util.PatchUtils} -  Checking for patch changes ...
[2018-04-26 14:33:11,499]  INFO {org.wso2.carbon.server.util.PatchUtils} -  No new patch or service pack detected, server will start without applying patches 
[2018-04-26 14:33:11,499]  INFO {org.wso2.carbon.server.util.PatchUtils} -  Patch verification started
[2018-04-26 14:33:11,499]  INFO {org.wso2.carbon.server.util.PatchUtils} -  Patch verification successfully completed
[2018-04-26 18:44:41,512]  INFO {org.wso2.carbon.server.util.PatchUtils} -  Checking for patch changes ...
[2018-04-26 18:44:41,514]  INFO {org.wso2.carbon.server.util.PatchUtils} -  No new patch or service pack detected, server will start without applying patches 
[2018-04-26 18:44:41,514]  INFO {org.wso2.carbon.server.util.PatchUtils} -  Patch verification started
[2018-04-26 18:44:41,514]  INFO {org.wso2.carbon.server.util.PatchUtils} -  Patch verification successfully completed
[2018-04-27 13:53:50,289]  INFO {org.wso2.carbon.server.util.PatchUtils} -  Checking for patch changes ...
[2018-04-27 13:53:50,291]  INFO {org.wso2.carbon.server.util.PatchUtils} -  No new patch or service pack detected, server will start without applying patches 
[2018-04-27 13:53:50,292]  INFO {org.wso2.carbon.server.util.PatchUtils} -  Patch verification started
[2018-04-27 13:53:50,292]  INFO {org.wso2.carbon.server.util.PatchUtils} -  Patch verification successfully completed
[2018-04-27 14:09:30,611]  INFO {org.wso2.carbon.server.util.PatchUtils} -  Checking for patch changes ...
[2018-04-27 14:09:30,612]  INFO {org.wso2.carbon.server.util.PatchUtils} -  No new patch or service pack detected, server will start without applying patches 
[2018-04-27 14:09:30,612]  INFO {org.wso2.carbon.server.util.PatchUtils} -  Patch verification started
[2018-04-27 14:09:30,613]  INFO {org.wso2.carbon.server.util.PatchUtils} -  Patch verification successfully completed
[2018-04-27 15:45:48,523]  INFO {org.wso2.carbon.server.util.PatchUtils} -  Checking for patch changes ...
[2018-04-27 15:45:48,525]  INFO {org.wso2.carbon.server.util.PatchUtils} -  No new patch or service pack detected, server will start without applying patches 
[2018-04-27 15:45:48,525]  INFO {org.wso2.carbon.server.util.PatchUtils} -  Patch verification started
[2018-04-27 15:45:48,525]  INFO {org.wso2.carbon.server.util.PatchUtils} -  Patch verification successfully completed
[2018-04-27 16:28:13,389]  INFO {org.wso2.carbon.server.util.PatchUtils} -  Checking for patch changes ...
[2018-04-27 16:28:13,390]  INFO {org.wso2.carbon.server.util.PatchUtils} -  No new patch or service pack detected, server will start without applying patches 
[2018-04-27 16:28:13,390]  INFO {org.wso2.carbon.server.util.PatchUtils} -  Patch verification started
[2018-04-27 16:28:13,390]  INFO {org.wso2.carbon.server.util.PatchUtils} -  Patch verification successfully completed
[2018-04-27 16:58:45,324]  INFO {org.wso2.carbon.server.util.PatchUtils} -  Checking for patch changes ...
[2018-04-27 16:58:45,325]  INFO {org.wso2.carbon.server.util.PatchUtils} -  No new patch or service pack detected, server will start without applying patches 
[2018-04-27 16:58:45,326]  INFO {org.wso2.carbon.server.util.PatchUtils} -  Patch verification started
[2018-04-27 16:58:45,326]  INFO {org.wso2.carbon.server.util.PatchUtils} -  Patch verification successfully completed
[2018-04-30 09:08:16,254]  INFO {org.wso2.carbon.server.util.PatchUtils} -  Checking for patch changes ...
[2018-04-30 09:08:16,257]  INFO {org.wso2.carbon.server.util.PatchUtils} -  No new patch or service pack detected, server will start without applying patches 
[2018-04-30 09:08:16,258]  INFO {org.wso2.carbon.server.util.PatchUtils} -  Patch verification started
[2018-04-30 09:08:16,258]  INFO {org.wso2.carbon.server.util.PatchUtils} -  Patch verification successfully completed
[2018-04-30 10:47:49,566]  INFO {org.wso2.carbon.server.util.PatchUtils} -  Checking for patch changes ...
[2018-04-30 10:47:49,569]  INFO {org.wso2.carbon.server.util.PatchUtils} -  No new patch or service pack detected, server will start without applying patches 
[2018-04-30 10:47:49,570]  INFO {org.wso2.carbon.server.util.PatchUtils} -  Patch verification started
[2018-04-30 10:47:49,570]  INFO {org.wso2.carbon.server.util.PatchUtils} -  Patch verification successfully completed
[2018-04-30 10:56:24,279]  INFO {org.wso2.carbon.server.util.PatchUtils} -  Checking for patch changes ...
[2018-04-30 10:56:24,280]  INFO {org.wso2.carbon.server.util.PatchUtils} -  No new patch or service pack detected, server will start without applying patches 
[2018-04-30 10:56:24,281]  INFO {org.wso2.carbon.server.util.PatchUtils} -  Patch verification started
[2018-04-30 10:56:24,281]  INFO {org.wso2.carbon.server.util.PatchUtils} -  Patch verification successfully completed
[2018-04-30 13:01:05,552]  INFO {org.wso2.carbon.server.util.PatchUtils} -  Checking for patch changes ...
[2018-04-30 13:01:05,554]  INFO {org.wso2.carbon.server.util.PatchUtils} -  No new patch or service pack detected, server will start without applying patches 
[2018-04-30 13:01:05,554]  INFO {org.wso2.carbon.server.util.PatchUtils} -  Patch verification started
[2018-04-30 13:01:05,554]  INFO {org.wso2.carbon.server.util.PatchUtils} -  Patch verification successfully completed
[2018-04-30 13:02:59,548]  INFO {org.wso2.carbon.server.util.PatchUtils} -  Checking for patch changes ...
[2018-04-30 13:02:59,550]  INFO {org.wso2.carbon.server.util.PatchUtils} -  No new patch or service pack detected, server will start without applying patches 
[2018-04-30 13:02:59,550]  INFO {org.wso2.carbon.server.util.PatchUtils} -  Patch verification started
[2018-04-30 13:02:59,550]  INFO {org.wso2.carbon.server.util.PatchUtils} -  Patch verification successfully completed
[2018-04-30 13:57:31,965]  INFO {org.wso2.carbon.server.util.PatchUtils} -  Checking for patch changes ...
[2018-04-30 13:57:31,966]  INFO {org.wso2.carbon.server.util.PatchUtils} -  No new patch or service pack detected, server will start without applying patches 
[2018-04-30 13:57:31,966]  INFO {org.wso2.carbon.server.util.PatchUtils} -  Patch verification started
[2018-04-30 13:57:31,966]  INFO {org.wso2.carbon.server.util.PatchUtils} -  Patch verification successfully completed
[2018-04-30 14:00:21,354]  INFO {org.wso2.carbon.server.util.PatchUtils} -  Checking for patch changes ...
[2018-04-30 14:00:21,355]  INFO {org.wso2.carbon.server.util.PatchUtils} -  No new patch or service pack detected, server will start without applying patches 
[2018-04-30 14:00:21,355]  INFO {org.wso2.carbon.server.util.PatchUtils} -  Patch verification started
[2018-04-30 14:00:21,356]  INFO {org.wso2.carbon.server.util.PatchUtils} -  Patch verification successfully completed
[2018-04-30 14:11:39,426]  INFO {org.wso2.carbon.server.util.PatchUtils} -  Checking for patch changes ...
[2018-04-30 14:11:39,427]  INFO {org.wso2.carbon.server.util.PatchUtils} -  No new patch or service pack detected, server will start without applying patches 
[2018-04-30 14:11:39,428]  INFO {org.wso2.carbon.server.util.PatchUtils} -  Patch verification started
[2018-04-30 14:11:39,428]  INFO {org.wso2.carbon.server.util.PatchUtils} -  Patch verification successfully completed
[2018-04-30 14:32:52,877]  INFO {org.wso2.carbon.server.util.PatchUtils} -  Checking for patch changes ...
[2018-04-30 14:32:52,881]  INFO {org.wso2.carbon.server.util.PatchUtils} -  No new patch or service pack detected, server will start without applying patches 
[2018-04-30 14:32:52,881]  INFO {org.wso2.carbon.server.util.PatchUtils} -  Patch verification started
[2018-04-30 14:32:52,882]  INFO {org.wso2.carbon.server.util.PatchUtils} -  Patch verification successfully completed
[2018-04-30 16:33:50,694]  INFO {org.wso2.carbon.server.util.PatchUtils} -  Checking for patch changes ...
[2018-04-30 16:33:50,696]  INFO {org.wso2.carbon.server.util.PatchUtils} -  No new patch or service pack detected, server will start without applying patches 
[2018-04-30 16:33:50,696]  INFO {org.wso2.carbon.server.util.PatchUtils} -  Patch verification started
[2018-04-30 16:33:50,696]  INFO {org.wso2.carbon.server.util.PatchUtils} -  Patch verification successfully completed
[2018-05-01 10:33:52,523]  INFO {org.wso2.carbon.server.util.PatchUtils} -  Checking for patch changes ...
[2018-05-01 10:33:52,525]  INFO {org.wso2.carbon.server.util.PatchUtils} -  No new patch or service pack detected, server will start without applying patches 
[2018-05-01 10:33:52,525]  INFO {org.wso2.carbon.server.util.PatchUtils} -  Patch verification started
[2018-05-01 10:33:52,525]  INFO {org.wso2.carbon.server.util.PatchUtils} -  Patch verification successfully completed
[2018-05-01 13:30:23,278]  INFO {org.wso2.carbon.server.util.PatchUtils} -  Checking for patch changes ...
[2018-05-01 13:30:23,281]  INFO {org.wso2.carbon.server.util.PatchUtils} -  No new patch or service pack detected, server will start without applying patches 
[2018-05-01 13:30:23,282]  INFO {org.wso2.carbon.server.util.PatchUtils} -  Patch verification started
[2018-05-01 13:30:23,282]  INFO {org.wso2.carbon.server.util.PatchUtils} -  Patch verification successfully completed
[2018-05-01 13:40:57,233]  INFO {org.wso2.carbon.server.util.PatchUtils} -  Checking for patch changes ...
[2018-05-01 13:40:57,234]  INFO {org.wso2.carbon.server.util.PatchUtils} -  No new patch or service pack detected, server will start without applying patches 
[2018-05-01 13:40:57,235]  INFO {org.wso2.carbon.server.util.PatchUtils} -  Patch verification started
[2018-05-01 13:40:57,235]  INFO {org.wso2.carbon.server.util.PatchUtils} -  Patch verification successfully completed
[2018-05-01 15:20:10,031]  INFO {org.wso2.carbon.server.util.PatchUtils} -  Checking for patch changes ...
[2018-05-01 15:20:10,032]  INFO {org.wso2.carbon.server.util.PatchUtils} -  No new patch or service pack detected, server will start without applying patches 
[2018-05-01 15:20:10,032]  INFO {org.wso2.carbon.server.util.PatchUtils} -  Patch verification started
[2018-05-01 15:20:10,032]  INFO {org.wso2.carbon.server.util.PatchUtils} -  Patch verification successfully completed
[2018-05-01 15:31:12,511]  INFO {org.wso2.carbon.server.util.PatchUtils} -  Checking for patch changes ...
[2018-05-01 15:31:12,512]  INFO {org.wso2.carbon.server.util.PatchUtils} -  No new patch or service pack detected, server will start without applying patches 
[2018-05-01 15:31:12,512]  INFO {org.wso2.carbon.server.util.PatchUtils} -  Patch verification started
[2018-05-01 15:31:12,512]  INFO {org.wso2.carbon.server.util.PatchUtils} -  Patch verification successfully completed
[2018-05-01 15:41:29,106]  INFO {org.wso2.carbon.server.util.PatchUtils} -  Checking for patch changes ...
[2018-05-01 15:41:29,108]  INFO {org.wso2.carbon.server.util.PatchUtils} -  No new patch or service pack detected, server will start without applying patches 
[2018-05-01 15:41:29,108]  INFO {org.wso2.carbon.server.util.PatchUtils} -  Patch verification started
[2018-05-01 15:41:29,108]  INFO {org.wso2.carbon.server.util.PatchUtils} -  Patch verification successfully completed
[2018-05-01 15:52:42,789]  INFO {org.wso2.carbon.server.util.PatchUtils} -  Checking for patch changes ...
[2018-05-01 15:52:42,790]  INFO {org.wso2.carbon.server.util.PatchUtils} -  No new patch or service pack detected, server will start without applying patches 
[2018-05-01 15:52:42,791]  INFO {org.wso2.carbon.server.util.PatchUtils} -  Patch verification started
[2018-05-01 15:52:42,791]  INFO {org.wso2.carbon.server.util.PatchUtils} -  Patch verification successfully completed
[2018-05-01 16:50:36,838]  INFO {org.wso2.carbon.server.util.PatchUtils} -  Checking for patch changes ...
[2018-05-01 16:50:36,840]  INFO {org.wso2.carbon.server.util.PatchUtils} -  No new patch or service pack detected, server will start without applying patches 
[2018-05-01 16:50:36,840]  INFO {org.wso2.carbon.server.util.PatchUtils} -  Patch verification started
[2018-05-01 16:50:36,840]  INFO {org.wso2.carbon.server.util.PatchUtils} -  Patch verification successfully completed
[2018-05-01 17:15:32,021]  INFO {org.wso2.carbon.server.util.PatchUtils} -  Checking for patch changes ...
[2018-05-01 17:15:32,024]  INFO {org.wso2.carbon.server.util.PatchUtils} -  No new patch or service pack detected, server will start without applying patches 
[2018-05-01 17:15:32,025]  INFO {org.wso2.carbon.server.util.PatchUtils} -  Patch verification started
[2018-05-01 17:15:32,025]  INFO {org.wso2.carbon.server.util.PatchUtils} -  Patch verification successfully completed
[2018-05-02 11:30:03,231]  INFO {org.wso2.carbon.server.util.PatchUtils} -  Checking for patch changes ...
[2018-05-02 11:30:03,235]  INFO {org.wso2.carbon.server.util.PatchUtils} -  No new patch or service pack detected, server will start without applying patches 
[2018-05-02 11:30:03,235]  INFO {org.wso2.carbon.server.util.PatchUtils} -  Patch verification started
[2018-05-02 11:30:03,235]  INFO {org.wso2.carbon.server.util.PatchUtils} -  Patch verification successfully completed
[2018-05-02 13:54:23,184]  INFO {org.wso2.carbon.server.util.PatchUtils} -  Checking for patch changes ...
[2018-05-02 13:54:23,187]  INFO {org.wso2.carbon.server.util.PatchUtils} -  No new patch or service pack detected, server will start without applying patches 
[2018-05-02 13:54:23,187]  INFO {org.wso2.carbon.server.util.PatchUtils} -  Patch verification started
[2018-05-02 13:54:23,187]  INFO {org.wso2.carbon.server.util.PatchUtils} -  Patch verification successfully completed
[2018-05-03 10:51:01,839]  INFO {org.wso2.carbon.server.util.PatchUtils} -  Checking for patch changes ...
[2018-05-03 10:51:01,841]  INFO {org.wso2.carbon.server.util.PatchUtils} -  No new patch or service pack detected, server will start without applying patches 
[2018-05-03 10:51:01,842]  INFO {org.wso2.carbon.server.util.PatchUtils} -  Patch verification started
[2018-05-03 10:51:01,842]  INFO {org.wso2.carbon.server.util.PatchUtils} -  Patch verification successfully completed
[2018-05-03 14:34:02,477]  INFO {org.wso2.carbon.server.util.PatchUtils} -  Checking for patch changes ...
[2018-05-03 14:34:02,479]  INFO {org.wso2.carbon.server.util.PatchUtils} -  No new patch or service pack detected, server will start without applying patches 
[2018-05-03 14:34:02,480]  INFO {org.wso2.carbon.server.util.PatchUtils} -  Patch verification started
[2018-05-03 14:34:02,480]  INFO {org.wso2.carbon.server.util.PatchUtils} -  Patch verification successfully completed
[2018-05-04 09:07:42,235]  INFO {org.wso2.carbon.server.util.PatchUtils} -  Checking for patch changes ...
[2018-05-04 09:07:42,237]  INFO {org.wso2.carbon.server.util.PatchUtils} -  No new patch or service pack detected, server will start without applying patches 
[2018-05-04 09:07:42,238]  INFO {org.wso2.carbon.server.util.PatchUtils} -  Patch verification started
[2018-05-04 09:07:42,238]  INFO {org.wso2.carbon.server.util.PatchUtils} -  Patch verification successfully completed
[2018-05-04 09:30:06,464]  INFO {org.wso2.carbon.server.util.PatchUtils} -  Checking for patch changes ...
[2018-05-04 09:30:06,466]  INFO {org.wso2.carbon.server.util.PatchUtils} -  No new patch or service pack detected, server will start without applying patches 
[2018-05-04 09:30:06,466]  INFO {org.wso2.carbon.server.util.PatchUtils} -  Patch verification started
[2018-05-04 09:30:06,467]  INFO {org.wso2.carbon.server.util.PatchUtils} -  Patch verification successfully completed
[2018-05-04 09:56:12,942]  INFO {org.wso2.carbon.server.util.PatchUtils} -  Checking for patch changes ...
[2018-05-04 09:56:12,944]  INFO {org.wso2.carbon.server.util.PatchUtils} -  No new patch or service pack detected, server will start without applying patches 
[2018-05-04 09:56:12,945]  INFO {org.wso2.carbon.server.util.PatchUtils} -  Patch verification started
[2018-05-04 09:56:12,945]  INFO {org.wso2.carbon.server.util.PatchUtils} -  Patch verification successfully completed
[2018-05-04 10:09:46,010]  INFO {org.wso2.carbon.server.util.PatchUtils} -  Checking for patch changes ...
[2018-05-04 10:09:46,011]  INFO {org.wso2.carbon.server.util.PatchUtils} -  No new patch or service pack detected, server will start without applying patches 
[2018-05-04 10:09:46,012]  INFO {org.wso2.carbon.server.util.PatchUtils} -  Patch verification started
[2018-05-04 10:09:46,012]  INFO {org.wso2.carbon.server.util.PatchUtils} -  Patch verification successfully completed
[2018-05-04 11:19:19,627]  INFO {org.wso2.carbon.server.util.PatchUtils} -  Checking for patch changes ...
[2018-05-04 11:19:19,628]  INFO {org.wso2.carbon.server.util.PatchUtils} -  No new patch or service pack detected, server will start without applying patches 
[2018-05-04 11:19:19,628]  INFO {org.wso2.carbon.server.util.PatchUtils} -  Patch verification started
[2018-05-04 11:19:19,629]  INFO {org.wso2.carbon.server.util.PatchUtils} -  Patch verification successfully completed
[2018-05-04 12:15:41,721]  INFO {org.wso2.carbon.server.util.PatchUtils} -  Checking for patch changes ...
[2018-05-04 12:15:41,722]  INFO {org.wso2.carbon.server.util.PatchUtils} -  No new patch or service pack detected, server will start without applying patches 
[2018-05-04 12:15:41,723]  INFO {org.wso2.carbon.server.util.PatchUtils} -  Patch verification started
[2018-05-04 12:15:41,723]  INFO {org.wso2.carbon.server.util.PatchUtils} -  Patch verification successfully completed
[2018-05-08 14:21:35,565]  INFO {org.wso2.carbon.server.util.PatchUtils} -  Checking for patch changes ...
[2018-05-08 14:21:35,568]  INFO {org.wso2.carbon.server.util.PatchUtils} -  No new patch or service pack detected, server will start without applying patches 
[2018-05-08 14:21:35,568]  INFO {org.wso2.carbon.server.util.PatchUtils} -  Patch verification started
[2018-05-08 14:21:35,569]  INFO {org.wso2.carbon.server.util.PatchUtils} -  Patch verification successfully completed
[2018-05-08 14:38:54,126]  INFO {org.wso2.carbon.server.util.PatchUtils} -  Checking for patch changes ...
[2018-05-08 14:38:54,128]  INFO {org.wso2.carbon.server.util.PatchUtils} -  No new patch or service pack detected, server will start without applying patches 
[2018-05-08 14:38:54,128]  INFO {org.wso2.carbon.server.util.PatchUtils} -  Patch verification started
[2018-05-08 14:38:54,128]  INFO {org.wso2.carbon.server.util.PatchUtils} -  Patch verification successfully completed
[2018-05-08 15:20:41,866]  INFO {org.wso2.carbon.server.util.PatchUtils} -  Checking for patch changes ...
[2018-05-08 15:20:41,868]  INFO {org.wso2.carbon.server.util.PatchUtils} -  No new patch or service pack detected, server will start without applying patches 
[2018-05-08 15:20:41,868]  INFO {org.wso2.carbon.server.util.PatchUtils} -  Patch verification started
[2018-05-08 15:20:41,868]  INFO {org.wso2.carbon.server.util.PatchUtils} -  Patch verification successfully completed
[2018-05-08 15:26:41,520]  INFO {org.wso2.carbon.server.util.PatchUtils} -  Checking for patch changes ...
[2018-05-08 15:26:41,521]  INFO {org.wso2.carbon.server.util.PatchUtils} -  No new patch or service pack detected, server will start without applying patches 
[2018-05-08 15:26:41,521]  INFO {org.wso2.carbon.server.util.PatchUtils} -  Patch verification started
[2018-05-08 15:26:41,521]  INFO {org.wso2.carbon.server.util.PatchUtils} -  Patch verification successfully completed
[2018-05-14 12:51:52,976]  INFO {org.wso2.carbon.server.util.PatchUtils} -  Checking for patch changes ...
[2018-05-14 12:51:52,978]  INFO {org.wso2.carbon.server.util.PatchUtils} -  No new patch or service pack detected, server will start without applying patches 
[2018-05-14 12:51:52,979]  INFO {org.wso2.carbon.server.util.PatchUtils} -  Patch verification started
[2018-05-14 12:51:52,979]  INFO {org.wso2.carbon.server.util.PatchUtils} -  Patch verification successfully completed
[2018-05-14 15:35:39,041]  INFO {org.wso2.carbon.server.util.PatchUtils} -  Checking for patch changes ...
[2018-05-14 15:35:39,044]  INFO {org.wso2.carbon.server.util.PatchUtils} -  No new patch or service pack detected, server will start without applying patches 
[2018-05-14 15:35:39,044]  INFO {org.wso2.carbon.server.util.PatchUtils} -  Patch verification started
[2018-05-14 15:35:39,044]  INFO {org.wso2.carbon.server.util.PatchUtils} -  Patch verification successfully completed
[2018-05-17 10:21:08,303]  INFO {org.wso2.carbon.server.util.PatchUtils} -  Checking for patch changes ...
[2018-05-17 10:21:08,305]  INFO {org.wso2.carbon.server.util.PatchUtils} -  No new patch or service pack detected, server will start without applying patches 
[2018-05-17 10:21:08,306]  INFO {org.wso2.carbon.server.util.PatchUtils} -  Patch verification started
[2018-05-17 10:21:08,306]  INFO {org.wso2.carbon.server.util.PatchUtils} -  Patch verification successfully completed
[2018-05-21 11:00:43,981]  INFO {org.wso2.carbon.server.util.PatchUtils} -  Checking for patch changes ...
[2018-05-21 11:00:43,985]  INFO {org.wso2.carbon.server.util.PatchUtils} -  No new patch or service pack detected, server will start without applying patches 
[2018-05-21 11:00:43,985]  INFO {org.wso2.carbon.server.util.PatchUtils} -  Patch verification started
[2018-05-21 11:00:43,985]  INFO {org.wso2.carbon.server.util.PatchUtils} -  Patch verification successfully completed
[2018-05-21 13:13:54,075]  INFO {org.wso2.carbon.server.util.PatchUtils} -  Checking for patch changes ...
[2018-05-21 13:13:54,078]  INFO {org.wso2.carbon.server.util.PatchUtils} -  No new patch or service pack detected, server will start without applying patches 
[2018-05-21 13:13:54,078]  INFO {org.wso2.carbon.server.util.PatchUtils} -  Patch verification started
[2018-05-21 13:13:54,078]  INFO {org.wso2.carbon.server.util.PatchUtils} -  Patch verification successfully completed
[2018-05-21 15:20:43,085]  INFO {org.wso2.carbon.server.util.PatchUtils} -  Checking for patch changes ...
[2018-05-21 15:20:43,087]  INFO {org.wso2.carbon.server.util.PatchUtils} -  No new patch or service pack detected, server will start without applying patches 
[2018-05-21 15:20:43,087]  INFO {org.wso2.carbon.server.util.PatchUtils} -  Patch verification started
[2018-05-21 15:20:43,087]  INFO {org.wso2.carbon.server.util.PatchUtils} -  Patch verification successfully completed
[2018-05-23 12:31:29,253]  INFO {org.wso2.carbon.server.util.PatchUtils} -  Checking for patch changes ...
[2018-05-23 12:31:29,256]  INFO {org.wso2.carbon.server.util.PatchUtils} -  No new patch or service pack detected, server will start without applying patches 
[2018-05-23 12:31:29,256]  INFO {org.wso2.carbon.server.util.PatchUtils} -  Patch verification started
[2018-05-23 12:31:29,256]  INFO {org.wso2.carbon.server.util.PatchUtils} -  Patch verification successfully completed
[2018-05-24 08:06:04,718]  INFO {org.wso2.carbon.server.util.PatchUtils} -  Checking for patch changes ...
[2018-05-24 08:06:04,720]  INFO {org.wso2.carbon.server.util.PatchUtils} -  No new patch or service pack detected, server will start without applying patches 
[2018-05-24 08:06:04,721]  INFO {org.wso2.carbon.server.util.PatchUtils} -  Patch verification started
[2018-05-24 08:06:04,721]  INFO {org.wso2.carbon.server.util.PatchUtils} -  Patch verification successfully completed
[2018-05-31 13:20:05,656]  INFO {org.wso2.carbon.server.util.PatchUtils} -  Checking for patch changes ...
[2018-05-31 13:20:05,659]  INFO {org.wso2.carbon.server.util.PatchUtils} -  No new patch or service pack detected, server will start without applying patches 
[2018-05-31 13:20:05,660]  INFO {org.wso2.carbon.server.util.PatchUtils} -  Patch verification started
[2018-05-31 13:20:05,660]  INFO {org.wso2.carbon.server.util.PatchUtils} -  Patch verification successfully completed
[2018-06-03 15:30:30,684]  INFO {org.wso2.carbon.server.util.PatchUtils} -  Checking for patch changes ...
[2018-06-03 15:30:30,687]  INFO {org.wso2.carbon.server.util.PatchUtils} -  No new patch or service pack detected, server will start without applying patches 
[2018-06-03 15:30:30,687]  INFO {org.wso2.carbon.server.util.PatchUtils} -  Patch verification started
[2018-06-03 15:30:30,687]  INFO {org.wso2.carbon.server.util.PatchUtils} -  Patch verification successfully completed
[2018-06-04 08:40:30,748]  INFO {org.wso2.carbon.server.util.PatchUtils} -  Checking for patch changes ...
[2018-06-04 08:40:30,751]  INFO {org.wso2.carbon.server.util.PatchUtils} -  No new patch or service pack detected, server will start without applying patches 
[2018-06-04 08:40:30,751]  INFO {org.wso2.carbon.server.util.PatchUtils} -  Patch verification started
[2018-06-04 08:40:30,751]  INFO {org.wso2.carbon.server.util.PatchUtils} -  Patch verification successfully completed
[2018-06-04 11:12:08,042]  INFO {org.wso2.carbon.server.util.PatchUtils} -  Checking for patch changes ...
[2018-06-04 11:12:08,045]  INFO {org.wso2.carbon.server.util.PatchUtils} -  No new patch or service pack detected, server will start without applying patches 
[2018-06-04 11:12:08,045]  INFO {org.wso2.carbon.server.util.PatchUtils} -  Patch verification started
[2018-06-04 11:12:08,045]  INFO {org.wso2.carbon.server.util.PatchUtils} -  Patch verification successfully completed
[2018-06-06 14:03:35,760]  INFO {org.wso2.carbon.server.util.PatchUtils} -  Checking for patch changes ...
[2018-06-06 14:03:35,763]  INFO {org.wso2.carbon.server.util.PatchUtils} -  No new patch or service pack detected, server will start without applying patches 
[2018-06-06 14:03:35,763]  INFO {org.wso2.carbon.server.util.PatchUtils} -  Patch verification started
[2018-06-06 14:03:35,763]  INFO {org.wso2.carbon.server.util.PatchUtils} -  Patch verification successfully completed
[2018-06-06 16:59:15,470]  INFO {org.wso2.carbon.server.util.PatchUtils} -  Checking for patch changes ...
[2018-06-06 16:59:15,473]  INFO {org.wso2.carbon.server.util.PatchUtils} -  No new patch or service pack detected, server will start without applying patches 
[2018-06-06 16:59:15,474]  INFO {org.wso2.carbon.server.util.PatchUtils} -  Patch verification started
[2018-06-06 16:59:15,474]  INFO {org.wso2.carbon.server.util.PatchUtils} -  Patch verification successfully completed
[2018-06-06 17:38:08,082]  INFO {org.wso2.carbon.server.util.PatchUtils} -  Checking for patch changes ...
[2018-06-06 17:38:08,084]  INFO {org.wso2.carbon.server.util.PatchUtils} -  No new patch or service pack detected, server will start without applying patches 
[2018-06-06 17:38:08,084]  INFO {org.wso2.carbon.server.util.PatchUtils} -  Patch verification started
[2018-06-06 17:38:08,084]  INFO {org.wso2.carbon.server.util.PatchUtils} -  Patch verification successfully completed
[2018-06-06 17:57:09,283]  INFO {org.wso2.carbon.server.util.PatchUtils} -  Checking for patch changes ...
[2018-06-06 17:57:09,284]  INFO {org.wso2.carbon.server.util.PatchUtils} -  No new patch or service pack detected, server will start without applying patches 
[2018-06-06 17:57:09,284]  INFO {org.wso2.carbon.server.util.PatchUtils} -  Patch verification started
[2018-06-06 17:57:09,284]  INFO {org.wso2.carbon.server.util.PatchUtils} -  Patch verification successfully completed
[2018-06-06 18:04:40,402]  INFO {org.wso2.carbon.server.util.PatchUtils} -  Checking for patch changes ...
[2018-06-06 18:04:40,403]  INFO {org.wso2.carbon.server.util.PatchUtils} -  No new patch or service pack detected, server will start without applying patches 
[2018-06-06 18:04:40,404]  INFO {org.wso2.carbon.server.util.PatchUtils} -  Patch verification started
[2018-06-06 18:04:40,404]  INFO {org.wso2.carbon.server.util.PatchUtils} -  Patch verification successfully completed
[2018-06-06 18:13:33,581]  INFO {org.wso2.carbon.server.util.PatchUtils} -  Checking for patch changes ...
[2018-06-06 18:13:33,583]  INFO {org.wso2.carbon.server.util.PatchUtils} -  No new patch or service pack detected, server will start without applying patches 
[2018-06-06 18:13:33,583]  INFO {org.wso2.carbon.server.util.PatchUtils} -  Patch verification started
[2018-06-06 18:13:33,583]  INFO {org.wso2.carbon.server.util.PatchUtils} -  Patch verification successfully completed
[2018-06-07 14:23:48,620]  INFO {org.wso2.carbon.server.util.PatchUtils} -  Checking for patch changes ...
[2018-06-07 14:23:48,623]  INFO {org.wso2.carbon.server.util.PatchUtils} -  No new patch or service pack detected, server will start without applying patches 
[2018-06-07 14:23:48,623]  INFO {org.wso2.carbon.server.util.PatchUtils} -  Patch verification started
[2018-06-07 14:23:48,623]  INFO {org.wso2.carbon.server.util.PatchUtils} -  Patch verification successfully completed
[2018-06-11 12:14:45,021]  INFO {org.wso2.carbon.server.util.PatchUtils} -  Checking for patch changes ...
[2018-06-11 12:14:45,023]  INFO {org.wso2.carbon.server.util.PatchUtils} -  No new patch or service pack detected, server will start without applying patches 
[2018-06-11 12:14:45,023]  INFO {org.wso2.carbon.server.util.PatchUtils} -  Patch verification started
[2018-06-11 12:14:45,023]  INFO {org.wso2.carbon.server.util.PatchUtils} -  Patch verification successfully completed
[2018-06-11 15:54:39,200]  INFO {org.wso2.carbon.server.util.PatchUtils} -  Checking for patch changes ...
[2018-06-11 15:54:39,202]  INFO {org.wso2.carbon.server.util.PatchUtils} -  No new patch or service pack detected, server will start without applying patches 
[2018-06-11 15:54:39,203]  INFO {org.wso2.carbon.server.util.PatchUtils} -  Patch verification started
[2018-06-11 15:54:39,203]  INFO {org.wso2.carbon.server.util.PatchUtils} -  Patch verification successfully completed
[2018-06-13 11:53:58,316]  INFO {org.wso2.carbon.server.util.PatchUtils} -  Checking for patch changes ...
[2018-06-13 11:53:58,318]  INFO {org.wso2.carbon.server.util.PatchUtils} -  No new patch or service pack detected, server will start without applying patches 
[2018-06-13 11:53:58,319]  INFO {org.wso2.carbon.server.util.PatchUtils} -  Patch verification started
[2018-06-13 11:53:58,319]  INFO {org.wso2.carbon.server.util.PatchUtils} -  Patch verification successfully completed
[2018-06-14 15:44:26,311]  INFO {org.wso2.carbon.server.util.PatchUtils} -  Checking for patch changes ...
[2018-06-14 15:44:26,318]  INFO {org.wso2.carbon.server.util.PatchUtils} -  No new patch or service pack detected, server will start without applying patches 
[2018-06-14 15:44:26,319]  INFO {org.wso2.carbon.server.util.PatchUtils} -  Patch verification started
[2018-06-14 15:44:26,319]  INFO {org.wso2.carbon.server.util.PatchUtils} -  Patch verification successfully completed
[2018-06-18 12:08:23,212]  INFO {org.wso2.carbon.server.util.PatchUtils} -  Checking for patch changes ...
[2018-06-18 12:08:23,217]  INFO {org.wso2.carbon.server.util.PatchUtils} -  No new patch or service pack detected, server will start without applying patches 
[2018-06-18 12:08:23,217]  INFO {org.wso2.carbon.server.util.PatchUtils} -  Patch verification started
[2018-06-18 12:08:23,217]  INFO {org.wso2.carbon.server.util.PatchUtils} -  Patch verification successfully completed
[2018-06-18 12:29:28,415]  INFO {org.wso2.carbon.server.util.PatchUtils} -  Checking for patch changes ...
[2018-06-18 12:29:28,418]  INFO {org.wso2.carbon.server.util.PatchUtils} -  No new patch or service pack detected, server will start without applying patches 
[2018-06-18 12:29:28,418]  INFO {org.wso2.carbon.server.util.PatchUtils} -  Patch verification started
[2018-06-18 12:29:28,418]  INFO {org.wso2.carbon.server.util.PatchUtils} -  Patch verification successfully completed
[2018-06-18 12:34:55,418]  INFO {org.wso2.carbon.server.util.PatchUtils} -  Checking for patch changes ...
[2018-06-18 12:34:55,421]  INFO {org.wso2.carbon.server.util.PatchUtils} -  No new patch or service pack detected, server will start without applying patches 
[2018-06-18 12:34:55,421]  INFO {org.wso2.carbon.server.util.PatchUtils} -  Patch verification started
[2018-06-18 12:34:55,421]  INFO {org.wso2.carbon.server.util.PatchUtils} -  Patch verification successfully completed
